C51 COMPILER V9.60.0.0   GPIO                                                              02/04/2021 22:09:49 PAGE 1   


C51 COMPILER V9.60.0.0, COMPILATION OF MODULE GPIO
OBJECT MODULE PLACED IN .\Output\GPIO.obj
COMPILER INVOKED BY: C:\Keil_v5\C51\BIN\C51.EXE Code\GPIO.C OPTIMIZE(4,SPEED) BROWSE INCDIR(..\..\Include) DEFINE(FOSC_2
                    -21184) DEBUG OBJECTEXTEND PRINT(.\LST\GPIO.lst) TABS(2) OBJECT(.\Output\GPIO.obj)

line level    source

   1          #include "N76E885.h"
   2          #include "Version.h"
   3          #include "Typedef.h"
   4          #include "Define.h"
   5          #include "SFR_Macro.h"
   6          #include "Common.h"
   7          #include "Delay.h"
   8          #include "Function_Define.h"
   9          #include <absacc.h>  
  10          
  11          #define PWM_ENABLE_ALL PIO=0xFF
  12          #define SW P30
  13          
  14          void set_PWM_Period(uint16_t valuePeriod);
  15          void set_PWM01(uint16_t value);
  16          void set_PWM23(uint16_t value);
  17          void set_PWM45(uint16_t value);
  18          void set_PWM67(uint16_t value);
  19          void GPIO_Config();
  20          
  21          bit BIT_TMP;
  22          
  23          void main(void)
  24          {
  25   1        int i = 0;
  26   1        System_Clock_Select(E_LIRCEN); //Internal 10KHz
  27   1        GPIO_Config();
  28   1        PWM_ENABLE_ALL; //PIO=0xFF
  29   1        PWM_IMDEPENDENT_MODE; //PWMCON1&=0x3F
  30   1        PWM_EDGE_TYPE;  //PWMCON1&=~SET_BIT4
  31   1        PWM_CLOCK_FSYS; //CKCON&=0xBF 
  32   1        PWM_CLOCK_DIV_2; //Fpwm = 5KHz
  33   1        PWM_OUTPUT_ALL_NORMAL;  //PNP=0x00 - PWMn signal outputs directly on PWMn pin
  34   1        
  35   1        set_PWM_Period(92); //PWM frq = 50Hz
  36   1        while(1)
  37   1        {
  38   2          set_PWM01(11);
  39   2        }
  40   1      }
  41          void GPIO_Config()
  42          {
  43   1        P10_PushPull_Mode;  //pwm0  - r
  44   1        P11_PushPull_Mode;  //pwm1  - r
  45   1        P02_PushPull_Mode;  //pwm2  - g
  46   1        P03_PushPull_Mode;  //pwm3  - g
  47   1        P05_PushPull_Mode;  //pwm4  - b
  48   1        P06_PushPull_Mode;  //pwm5  - b
  49   1        P07_PushPull_Mode;  //pwm6
  50   1        P26_PushPull_Mode;  //pwm7  
  51   1        P30_Input_Mode; //button pin
  52   1      }
  53          
  54          void set_PWM_Period(uint16_t valuePeriod)
C51 COMPILER V9.60.0.0   GPIO                                                              02/04/2021 22:09:49 PAGE 2   

  55          {
  56   1        set_CLRPWM; //Clearing PWM 12bit counter.
  57   1        PWMPL = LOBYTE(valuePeriod);
  58   1        PWMPH = HIBYTE(valuePeriod);
  59   1        set_PWMRUN; //run PWM
  60   1      }
  61          void set_PWM01(uint16_t value)
  62          {
  63   1        PWM01L = LOBYTE(value);
  64   1        PWM01H = HIBYTE(value);
  65   1        set_LOAD;
  66   1      }
  67          void set_PWM23(uint16_t value)
  68          {
  69   1        PWM23L = LOBYTE(value);
  70   1        PWM23H = HIBYTE(value);
  71   1        set_LOAD;
  72   1      }
  73          void set_PWM45(uint16_t value)
  74          {
  75   1        PWM45L = LOBYTE(value);
  76   1        PWM45H = HIBYTE(value);
  77   1        set_LOAD;
  78   1      }
  79          void set_PWM67(uint16_t value)
  80          {
  81   1        PWM67L = LOBYTE(value);
  82   1        PWM67H = HIBYTE(value);
  83   1        set_LOAD;
  84   1      }


MODULE INFORMATION:   STATIC OVERLAYABLE
   CODE SIZE        =    152    ----
   CONSTANT SIZE    =   ----    ----
   XDATA SIZE       =   ----    ----
   PDATA SIZE       =   ----    ----
   DATA SIZE        =   ----       2
   IDATA SIZE       =   ----    ----
   BIT SIZE         =      1    ----
END OF MODULE INFORMATION.


C51 COMPILATION COMPLETE.  0 WARNING(S),  0 ERROR(S)
