C51 COMPILER V9.60.0.0   GPIO                                                              03/13/2021 16:30:04 PAGE 1   


C51 COMPILER V9.60.0.0, COMPILATION OF MODULE GPIO
OBJECT MODULE PLACED IN .\Output\GPIO.obj
COMPILER INVOKED BY: C:\Keil_v5\C51\BIN\C51.EXE Code\GPIO.C OPTIMIZE(4,SPEED) BROWSE INCDIR(..\..\Include) DEFINE(FOSC_2
                    -21184) DEBUG OBJECTEXTEND PRINT(.\LST\GPIO.lst) TABS(2) OBJECT(.\Output\GPIO.obj)

line level    source

   1          #include "dht11.h"
   2          #include <stdio.h>
   3          
   4          uint8_t value[5];
   5          uint8_t buffer[20];
   6          
   7          bit BIT_TMP;
   8          //void UART0_Write(char* str)
   9          //{
  10          //  while(*str)
  11          //  {
  12          //    Send_Data_To_UART0(*(str++));
  13          //  }
  14          //}
  15          void main(void)
  16          {
  17   1        uint8_t state = 0;
  18   1        P03_Quasi_Mode;//TX
  19   1        P20_Quasi_Mode;//RX
  20   1        System_Clock_Select(E_HIRCEN);
  21   1        
  22   1        InitialUART0_Timer1_Type1(9600);
  23   1        DHT11_Init();
  24   1        printf("Start\r\n");
  25   1        
  26   1        while(1)
  27   1        {
  28   2          state = get_data();
  29   2          switch(state)
  30   2          {
  31   3            case 1:
  32   3            {
  33   4              printf("chua thay dht11 response\r\n");
  34   4              break;
  35   4            }
  36   3            case 2:
  37   3            {
  38   4              printf("Response fail!\r\n");
  39   4              break;
  40   4            }
  41   3            case 3:
  42   3            {
  43   4              printf("Checksum error! \r\n");
  44   4              break;
  45   4            }
  46   3            default:
  47   3            {
  48   4      //        sprintf(buffer, "H1: %x %\r\n", value[0]);
  49   4      //        UART0_Write(buffer);
  50   4      //        sprintf(buffer, "T1: %x doC\r\n", value[2]);
  51   4      //        UART0_Write(buffer);
  52   4      //        sprintf(buffer, "CS: %x \r\n", value[4]); 
  53   4      //        UART0_Write(buffer);
  54   4                printf("H = %1x   \r\n", value[0]);
C51 COMPILER V9.60.0.0   GPIO                                                              03/13/2021 16:30:04 PAGE 2   

  55   4                printf("T = %x    \r\n", value[2]);
  56   4                printf("Check sum = %x\r\n", value[4]);
  57   4              break;
  58   4            }
  59   3          }
  60   2          Timer0_Delay1ms(3000);
  61   2        }
  62   1        
  63   1      }


MODULE INFORMATION:   STATIC OVERLAYABLE
   CODE SIZE        =    144    ----
   CONSTANT SIZE    =    114    ----
   XDATA SIZE       =   ----    ----
   PDATA SIZE       =   ----    ----
   DATA SIZE        =     25       1
   IDATA SIZE       =   ----    ----
   BIT SIZE         =      1    ----
END OF MODULE INFORMATION.


C51 COMPILATION COMPLETE.  0 WARNING(S),  0 ERROR(S)
