C51 COMPILER V9.60.0.0   GPIO                                                              02/04/2021 13:13:01 PAGE 1   


C51 COMPILER V9.60.0.0, COMPILATION OF MODULE GPIO
OBJECT MODULE PLACED IN .\Output\GPIO.obj
COMPILER INVOKED BY: C:\Keil_v5\C51\BIN\C51.EXE Code\GPIO.C OPTIMIZE(4,SPEED) BROWSE INCDIR(..\..\Include) DEFINE(FOSC_2
                    -21184) DEBUG OBJECTEXTEND PRINT(.\LST\GPIO.lst) TABS(2) OBJECT(.\Output\GPIO.obj)

line level    source

   1          
   2          #include "N76E885.h"
   3          #include "Version.h"
   4          #include "Typedef.h"
   5          #include "Define.h"
   6          #include "SFR_Macro.h"
   7          #include "Common.h"
   8          #include "Delay.h"
   9          #include "Function_Define.h"
  10          
  11          #define Fosc 10000
  12          
  13          volatile uint32_t overLoad = 0;
  14          volatile uint32_t endTime = 0;
  15          volatile uint32_t startTime = 0;
  16          volatile uint32_t pulseTime = 0;
  17          volatile float frq = 0;
  18          bit BIT_TMP;
  19          
  20          void TIM1_Config(void);
  21          void TIM1_ISR(void);
  22          void TIM2_Config(void);
  23          void TIM2_ISR(void);
  24          void Capture_TIM2_Config(void);
  25          void Input_Capture_ISR(void);
  26          void GPIO_Config(void);
  27          
  28          void main(void)
  29          {
  30   1        
  31   1        System_Clock_Select(E_LIRCEN); //Internal 10KHz
  32   1        set_EA; //enable interrupt all
  33   1        GPIO_Config();
  34   1        TIM1_Config();
  35   1        TIM2_Config();
  36   1        Capture_TIM2_Config();
  37   1        
  38   1        
  39   1        while(1)
  40   1        {
  41   2          frq = ((float)10000 / (float)pulseTime);
  42   2          Timer3_Delay1ms(100);
  43   2        }
  44   1      }
  45          
  46          void TIM1_Config(void)
  47          {
  48   1        set_TR1; //run timer 1
  49   1        //set_EA; //enable interrupt all
  50   1        set_ET1; //enable timer 1 interrupt
  51   1        set_T1M; //CKCON   |= SET_BIT4
  52   1        TIMER1_MODE1_ENABLE; //TMOD&=0x0F;TMOD|=0x10
  53   1        TH1 = 0; TL1 = 0;
  54   1        P1M1 |= SET_BIT3; //Timer 1 output Enabled from T1 pin
C51 COMPILER V9.60.0.0   GPIO                                                              02/04/2021 13:13:01 PAGE 2   

  55   1      }
  56          void TIM1_ISR(void) interrupt 3
  57          {
  58   1        clr_TF1;//
  59   1        TH1 = 0;
  60   1        TL1 = 0;
  61   1      }
  62          
  63          void TIM2_Config(void)
  64          {
  65   1        
  66   1        //set_EA; //enable interrupt all
  67   1        set_ET2;  //enable interrupt timer2
  68   1        set_TR2; //T2CON |= SET_BIT2
  69   1        T2CON &= ~SET_BIT0;
  70   1        T2MOD = 0x00;
  71   1        //TL2 = 0; TH2 = 0;
  72   1      }
  73          int test_tim2_isr = 0;
  74          void TIM2_ISR(void) interrupt 5
  75          {
  76   1        clr_TF2;
  77   1        overLoad++;
  78   1        test_tim2_isr++;
  79   1      }
  80          
  81          void Capture_TIM2_Config(void)
  82          {
  83   1        CAPCON0 |= SET_BIT4; //input capture 0 enable
  84   1        CAPCON1 &= 0xFC; //falling edge
  85   1        CAPCON2 |= SET_BIT4; //enable noise filter on IC0
  86   1        set_ECAP; //enable input capture interrupt
  87   1        //set_CAPCR;  //Timer 2 value is auto-cleared as 0000H when a capture event occurs.
  88   1      }
  89          int test_IC_isr = 0;
  90          void Input_Capture_ISR(void) interrupt 12// vertor number 12
  91          {
  92   1        if((CAPCON0 & 0x01) == 1)
  93   1        {
  94   2          test_IC_isr++;
  95   2          clr_CAPF0;  //CAPCON0 &= ~SET_BIT0
  96   2          endTime = C0H;
  97   2          endTime <<= 8;
  98   2          endTime |= C0L;
  99   2          pulseTime = ((overLoad << 16) - startTime + endTime);
 100   2          startTime = endTime;
 101   2          overLoad = 0;
 102   2        }
 103   1      }
 104          void GPIO_Config(void)
 105          {
 106   1        P21_PushPull_Mode; //T1 output
 107   1        P20_Input_Mode; //T2 capture
 108   1      }
 109          
 110          


MODULE INFORMATION:   STATIC OVERLAYABLE
   CODE SIZE        =    404    ----
   CONSTANT SIZE    =   ----    ----
   XDATA SIZE       =   ----    ----
C51 COMPILER V9.60.0.0   GPIO                                                              02/04/2021 13:13:01 PAGE 3   

   PDATA SIZE       =   ----    ----
   DATA SIZE        =     24    ----
   IDATA SIZE       =   ----    ----
   BIT SIZE         =      1    ----
END OF MODULE INFORMATION.


C51 COMPILATION COMPLETE.  0 WARNING(S),  0 ERROR(S)
