C51 COMPILER V9.60.0.0   MAIN                                                              03/18/2021 20:26:17 PAGE 1   


C51 COMPILER V9.60.0.0, COMPILATION OF MODULE MAIN
OBJECT MODULE PLACED IN .\Objects\main.obj
COMPILER INVOKED BY: C:\Keil_v5\C51\BIN\C51.EXE main.c OPTIMIZE(4,SPEED) BROWSE INCDIR(.\INC) DEFINE(FOSC_221184) DEBUG 
                    -OBJECTEXTEND PRINT(.\Listings\main.lst) TABS(2) OBJECT(.\Objects\main.obj)

line level    source

   1          #include "N76E885.h"
   2          #include "Typedef.h"
   3          #include "Define.h"
   4          #include "SFR_Macro.h"
   5          #include "Common.h"
   6          #include "Delay.h"
   7          #include <Function_Define.h>
   8          
   9          bit BIT_TMP;
  10          
  11          void main(void)
  12          {
  13   1        int cnt = 0;
  14   1      //  P03_PushPull_Mode;
  15   1      //  P04_PushPull_Mode;
  16   1        System_Clock_Select(E_HIRCEN);   //Fosc = 2~25MHz XTAL
  17   1        P0M1 &= 0xF7; P0M2 |= 0x08;  //P03 as pushpull mode
  18   1        P0M1 &= 0xEF; P0M2 |= 0x10;  //P04 as pushpull mode
  19   1        
  20   1        while(1)
  21   1        {
  22   2          P03 = 0;
  23   2          Timer0_Delay1ms(500);
  24   2          P03 = 1;
  25   2          
  26   2          P04 = 0;
  27   2          Timer0_Delay1ms(500);
  28   2          P04 = 1;
  29   2          cnt++;
  30   2        }
  31   1      }


MODULE INFORMATION:   STATIC OVERLAYABLE
   CODE SIZE        =     63    ----
   CONSTANT SIZE    =   ----    ----
   XDATA SIZE       =   ----    ----
   PDATA SIZE       =   ----    ----
   DATA SIZE        =   ----       2
   IDATA SIZE       =   ----    ----
   BIT SIZE         =      1    ----
END OF MODULE INFORMATION.


C51 COMPILATION COMPLETE.  0 WARNING(S),  0 ERROR(S)
