C51 COMPILER V9.60.0.0   GPIO                                                              02/28/2021 22:09:07 PAGE 1   


C51 COMPILER V9.60.0.0, COMPILATION OF MODULE GPIO
OBJECT MODULE PLACED IN .\Output\GPIO.obj
COMPILER INVOKED BY: C:\Keil_v5\C51\BIN\C51.EXE Code\GPIO.C OPTIMIZE(4,SPEED) BROWSE INCDIR(..\..\Include) DEFINE(FOSC_2
                    -21184) DEBUG OBJECTEXTEND PRINT(.\LST\GPIO.lst) TABS(2) OBJECT(.\Output\GPIO.obj)

line level    source

   1          #include "N76E885.h"
   2          #include "Version.h"
   3          #include "Typedef.h"
   4          #include "Define.h"
   5          #include "SFR_Macro.h"
   6          #include "Common.h"
   7          #include "Delay.h"
   8          #include "Function_Define.h"
   9          
  10          #define BIT_TO_VOLTAGE 0.004887585533 //  5/1023
  11          
  12          void setup(void);
  13          uint16_t ADC_Read(void);
  14          //void ADC_ISR (void);
  15          
  16          bit BIT_TMP;
  17          
  18          void main(void)
  19          {
  20   1        float myResult = 0;
  21   1        uint16_t adc_Read = 0; 
  22   1        
  23   1        System_Clock_Select(E_HIRCEN);  
  24   1        P07_Input_Mode;
  25   1        setup();
  26   1        adc_Read = ADC_Read();
  27   1        
  28   1        while(1)
  29   1        {
  30   2          adc_Read = ADC_Read();
  31   2          myResult = (adc_Read* BIT_TO_VOLTAGE);
  32   2          Timer1_Delay1ms(500);
  33   2        }
  34   1      }
  35          void setup(void)
  36          {
  37   1        clr_VREFSEL; //VREFSEL = VDD
  38   1        //set_VREFSEL;
  39   1      
  40   1        ADCCON0 |= 0x07;  //AIN7 enable
  41   1        P07_Input_Mode;
  42   1        set_P07DIDS;
  43   1        
  44   1        /*ADC_DIV=4*/ //ADCCON1 |= 0x20
  45   1        clr_ADCDIV2;
  46   1        set_ADCDIV1;
  47   1        clr_ADCDIV0;
  48   1        
  49   1        set_ADCEN; //enable ADC
  50   1      }
  51          uint16_t ADC_Read(void)
  52          {
  53   1        uint16_t adcValue = 0x0000;
  54   1        
C51 COMPILER V9.60.0.0   GPIO                                                              02/28/2021 22:09:07 PAGE 2   

  55   1        clr_ADCF; //clear ADC Flag
  56   1        set_ADCS; //ADC Start
  57   1        while(ADCF == 0);
  58   1                         
  59   1        adcValue = ADCRH;
  60   1        adcValue <<= 2;
  61   1        adcValue |= ADCRL;
  62   1        
  63   1        return adcValue;
  64   1      }
  65          //int test = 0;
  66          //void ADC_ISR (void) interrupt 11
  67          //{
  68          //  test = 1;
  69          //  clr_ADCF;                               //clear ADC interrupt flag
  70          //}


MODULE INFORMATION:   STATIC OVERLAYABLE
   CODE SIZE        =    152    ----
   CONSTANT SIZE    =   ----    ----
   XDATA SIZE       =   ----    ----
   PDATA SIZE       =   ----    ----
   DATA SIZE        =   ----       6
   IDATA SIZE       =   ----    ----
   BIT SIZE         =      1    ----
END OF MODULE INFORMATION.


C51 COMPILATION COMPLETE.  0 WARNING(S),  0 ERROR(S)
