C51 COMPILER V9.60.0.0   GPIO                                                              02/28/2021 13:58:55 PAGE 1   


C51 COMPILER V9.60.0.0, COMPILATION OF MODULE GPIO
OBJECT MODULE PLACED IN .\Output\GPIO.obj
COMPILER INVOKED BY: C:\Keil_v5\C51\BIN\C51.EXE Code\GPIO.C OPTIMIZE(4,SPEED) BROWSE INCDIR(..\..\Include) DEFINE(FOSC_2
                    -21184) DEBUG OBJECTEXTEND PRINT(.\LST\GPIO.lst) TABS(2) OBJECT(.\Output\GPIO.obj)

line level    source

   1          
   2          #include "N76E885.h"
   3          #include "Version.h"
   4          #include "Typedef.h"
   5          #include "Define.h"
   6          #include "SFR_Macro.h"
   7          #include "Common.h"
   8          #include "Delay.h"
   9          #include "Function_Define.h"
  10          
  11          #define CONTROL_PIN   P03
  12          
  13          void GPIO_Config(void);
  14          void TIM2_Config(void);
  15          void Timer2_I2SR(void);
  16          
  17          bit BIT_TMP;
  18          uint8_t i = 9;
  19          uint16_t highTime = 0;
  20          void main(void)
  21          {
  22   1        System_Clock_Select(E_HIRCEN); //Internal 22.1184MHz
  23   1        GPIO_Config();
  24   1        TIM2_Config();
  25   1        while(1)
  26   1        {
  27   2      
  28   2        }
  29   1      }
  30          
  31          void TIM2_Config(void)
  32          {
  33   1        
  34   1        set_EA; //enable interrupt all
  35   1        set_ET2;  //enable interrupt timer2
  36   1        set_TR2; //T2CON |= SET_BIT2
  37   1        TIMER2_DIV_64;  
  38   1        TIMER2_Auto_Reload_Delay_Mode;  //T2CON&=~SET_BIT0;T2MOD|=SET_BIT7;T2MOD|=SET_BIT3
  39   1        RCMP2H = HIBYTE(TIMER_DIV64_VALUE_20ms);
  40   1        RCMP2L = LOBYTE(TIMER_DIV64_VALUE_20ms);
  41   1        TL2 = 0; TH2 = 0;
  42   1      }
  43          
  44          void Timer2_ISR(void) interrupt 5 //timer 2 event vector number 5
  45          {
  46   1          //clear timer flag 2
  47   1        clr_TF2;
  48   1        highTime = i * 20;
  49   1        CONTROL_PIN = 1; //high pulse
  50   1        Delay10us(highTime);
  51   1      //  Timer0_Delay1ms(2);
  52   1        CONTROL_PIN = 0;
  53   1      }
  54          void GPIO_Config(void)
C51 COMPILER V9.60.0.0   GPIO                                                              02/28/2021 13:58:55 PAGE 2   

  55          {
  56   1        P03_PushPull_Mode;
  57   1      }
  58          
  59          


MODULE INFORMATION:   STATIC OVERLAYABLE
   CODE SIZE        =    133    ----
   CONSTANT SIZE    =   ----    ----
   XDATA SIZE       =   ----    ----
   PDATA SIZE       =   ----    ----
   DATA SIZE        =      3    ----
   IDATA SIZE       =   ----    ----
   BIT SIZE         =      1    ----
END OF MODULE INFORMATION.


C51 COMPILATION COMPLETE.  0 WARNING(S),  0 ERROR(S)
