C51 COMPILER V9.60.0.0   GPIO                                                              03/10/2021 23:48:02 PAGE 1   


C51 COMPILER V9.60.0.0, COMPILATION OF MODULE GPIO
OBJECT MODULE PLACED IN .\Output\GPIO.obj
COMPILER INVOKED BY: C:\Keil_v5\C51\BIN\C51.EXE Code\GPIO.C OPTIMIZE(4,SPEED) BROWSE INCDIR(..\..\Include;.\Code) DEFINE
                    -(FOSC_221184) DEBUG OBJECTEXTEND PRINT(.\LST\GPIO.lst) TABS(2) OBJECT(.\Output\GPIO.obj)

line level    source

   1          #include "EEPROM.h"
   2          #include <stdio.h>
   3          
   4          bit BIT_TMP;
   5          
   6          void main(void)
   7          {
   8   1        uint8_t myValue = 0x00;
   9   1        P03_Quasi_Mode;//TX
  10   1        P20_Quasi_Mode;//RX
  11   1        P04_PushPull_Mode;
  12   1        
  13   1        System_Clock_Select(E_HIRCEN);
  14   1        InitialUART0_Timer1_Type1(9600);
  15   1        TI = 1;
  16   1        printf("Start I2C\r\n");
  17   1        I2C_Init();
  18   1        
  19   1        EEPROM_Write(256, 0xC8);
  20   1        while(1)
  21   1        {
  22   2          
  23   2          myValue = EEPROM_Read(256);
  24   2          if(myValue == 0xC8) P04 = ~P04;
  25   2          printf("Value = %x\n", myValue);
  26   2          Timer0_Delay1ms(1000);
  27   2        }
  28   1      }


MODULE INFORMATION:   STATIC OVERLAYABLE
   CODE SIZE        =     98    ----
   CONSTANT SIZE    =     24    ----
   XDATA SIZE       =   ----    ----
   PDATA SIZE       =   ----    ----
   DATA SIZE        =   ----       1
   IDATA SIZE       =   ----    ----
   BIT SIZE         =      1    ----
END OF MODULE INFORMATION.


C51 COMPILATION COMPLETE.  0 WARNING(S),  0 ERROR(S)
